<?xml version="1.0" encoding="UTF-8"?>
<testsuite name="ca.mjdsystems.jmatio.test.MatIOTest" time="0.645" tests="27" errors="0" skipped="0" failures="0">
  <properties>
    <property name="java.runtime.name" value="Java(TM) SE Runtime Environment"/>
    <property name="sun.boot.library.path" value="C:\Program Files\Java\jdk1.8.0_152\jre\bin"/>
    <property name="java.vm.version" value="25.152-b16"/>
    <property name="java.vm.vendor" value="Oracle Corporation"/>
    <property name="maven.multiModuleProjectDirectory" value="I:\VIWER_TheHouseIsOnFire"/>
    <property name="java.vendor.url" value="http://java.oracle.com/"/>
    <property name="path.separator" value=";"/>
    <property name="guice.disable.misplaced.annotation.check" value="true"/>
    <property name="java.vm.name" value="Java HotSpot(TM) 64-Bit Server VM"/>
    <property name="file.encoding.pkg" value="sun.io"/>
    <property name="user.script" value=""/>
    <property name="user.country" value="DE"/>
    <property name="sun.java.launcher" value="SUN_STANDARD"/>
    <property name="sun.os.patch.level" value=""/>
    <property name="java.vm.specification.name" value="Java Virtual Machine Specification"/>
    <property name="user.dir" value="I:\VIWER_TheHouseIsOnFire"/>
    <property name="java.runtime.version" value="1.8.0_152-b16"/>
    <property name="java.awt.graphicsenv" value="sun.awt.Win32GraphicsEnvironment"/>
    <property name="java.endorsed.dirs" value="C:\Program Files\Java\jdk1.8.0_152\jre\lib\endorsed"/>
    <property name="os.arch" value="amd64"/>
    <property name="java.io.tmpdir" value="C:\Users\Ulrik\AppData\Local\Temp\"/>
    <property name="line.separator" value="&#10;"/>
    <property name="java.vm.specification.vendor" value="Oracle Corporation"/>
    <property name="user.variant" value=""/>
    <property name="os.name" value="Windows 10"/>
    <property name="classworlds.conf" value="C:\ProgramData\chocolatey\lib\maven\apache-maven-3.6.3\bin\..\bin\m2.conf"/>
    <property name="sun.jnu.encoding" value="Cp1252"/>
    <property name="java.library.path" value="C:\Program Files\Java\jdk1.8.0_152\bin;C:\WINDOWS\Sun\Java\bin;C:\WINDOWS\system32;C:\WINDOWS;C:\Program Files (x86)\Common Files\Intel\Shared Libraries\redist\intel64_win\compiler;C:\Program Files (x86)\Common Files\Oracle\Java\javapath;C:\ProgramData\Oracle\Java\javapath;C:\Program Files (x86)\Intel\iCLS Client\;C:\Program Files\Intel\iCLS Client\;C:\Windows\system32;C:\Windows;C:\Windows\System32\Wbem;C:\Windows\System32\WindowsPowerShell\v1.0\;C:\Program Files (x86)\Intel\Intel(R) Management Engine Components\DAL;C:\Program Files\Intel\Intel(R) Management Engine Components\DAL;C:\Program Files (x86)\Intel\Intel(R) Management Engine Components\IPT;C:\Program Files\Intel\Intel(R) Management Engine Components\IPT;C:\Program Files (x86)\NVIDIA Corporation\PhysX\Common;C:\Program Files\MiKTeX 2.9\miktex\bin\x64\;C:\Program Files (x86)\QuickTime\QTSystem\;C:\WINDOWS\system32;C:\WINDOWS;C:\WINDOWS\System32\Wbem;C:\WINDOWS\System32\WindowsPowerShell\v1.0\;C:\Program Files\Java\jdk1.8.0_152\bin;C:\ProgramData\chocolatey\bin;C:\WINDOWS\System32\OpenSSH\;C:\Program Files\MATLAB\R2018b\runtime\win64;C:\Program Files\MATLAB\R2018b\bin;C:\Program Files\MATLAB\R2018a\bin;C:\Program Files (x86)\Minimal ADB and Fastboot;C:\Program Files\Git\cmd;C:\ProgramData\chocolatey\lib\gradle;C:\ProgramData\chocolatey\lib\maven\apache-maven-3.6.3\bin;C:\Users\Ulrik\AppData\Local\Programs\Python\Python36-32\Scripts\;C:\Users\Ulrik\AppData\Local\Programs\Python\Python36-32\;C:\Users\Ulrik\AppData\Local\Microsoft\WindowsApps;;C:\Users\Ulrik\AppData\Local\Programs\Microsoft VS Code\bin;C:\Program Files\JetBrains\IntelliJ IDEA Community Edition 2019.3.4\bin;;."/>
    <property name="maven.conf" value="C:\ProgramData\chocolatey\lib\maven\apache-maven-3.6.3\bin\../conf"/>
    <property name="java.specification.name" value="Java Platform API Specification"/>
    <property name="java.class.version" value="52.0"/>
    <property name="sun.management.compiler" value="HotSpot 64-Bit Tiered Compilers"/>
    <property name="os.version" value="10.0"/>
    <property name="library.jansi.path" value="C:\ProgramData\chocolatey\lib\maven\apache-maven-3.6.3\bin\..\lib\jansi-native"/>
    <property name="user.home" value="C:\Users\Ulrik"/>
    <property name="user.timezone" value="Europe/Berlin"/>
    <property name="java.awt.printerjob" value="sun.awt.windows.WPrinterJob"/>
    <property name="java.specification.version" value="1.8"/>
    <property name="file.encoding" value="Cp1252"/>
    <property name="user.name" value="Ulrik"/>
    <property name="java.class.path" value="C:\ProgramData\chocolatey\lib\maven\apache-maven-3.6.3\bin\..\boot\plexus-classworlds-2.6.0.jar"/>
    <property name="java.vm.specification.version" value="1.8"/>
    <property name="sun.arch.data.model" value="64"/>
    <property name="java.home" value="C:\Program Files\Java\jdk1.8.0_152\jre"/>
    <property name="sun.java.command" value="org.codehaus.plexus.classworlds.launcher.Launcher install -f i:\VIWER_TheHouseIsOnFire\external\JMatIO\pom.xml"/>
    <property name="java.specification.vendor" value="Oracle Corporation"/>
    <property name="user.language" value="de"/>
    <property name="awt.toolkit" value="sun.awt.windows.WToolkit"/>
    <property name="java.vm.info" value="mixed mode"/>
    <property name="java.version" value="1.8.0_152"/>
    <property name="java.ext.dirs" value="C:\Program Files\Java\jdk1.8.0_152\jre\lib\ext;C:\WINDOWS\Sun\Java\lib\ext"/>
    <property name="sun.boot.class.path" value="C:\Program Files\Java\jdk1.8.0_152\jre\lib\resources.jar;C:\Program Files\Java\jdk1.8.0_152\jre\lib\rt.jar;C:\Program Files\Java\jdk1.8.0_152\jre\lib\sunrsasign.jar;C:\Program Files\Java\jdk1.8.0_152\jre\lib\jsse.jar;C:\Program Files\Java\jdk1.8.0_152\jre\lib\jce.jar;C:\Program Files\Java\jdk1.8.0_152\jre\lib\charsets.jar;C:\Program Files\Java\jdk1.8.0_152\jre\lib\jfr.jar;C:\Program Files\Java\jdk1.8.0_152\jre\classes"/>
    <property name="sun.stderr.encoding" value="cp850"/>
    <property name="java.vendor" value="Oracle Corporation"/>
    <property name="maven.home" value="C:\ProgramData\chocolatey\lib\maven\apache-maven-3.6.3\bin\.."/>
    <property name="file.separator" value="\"/>
    <property name="java.vendor.url.bug" value="http://bugreport.sun.com/bugreport/"/>
    <property name="sun.cpu.endian" value="little"/>
    <property name="sun.io.unicode.encoding" value="UnicodeLittle"/>
    <property name="sun.stdout.encoding" value="cp850"/>
    <property name="sun.desktop" value="windows"/>
    <property name="sun.cpu.isalist" value="amd64"/>
  </properties>
  <testcase name="testBigSparseFile" classname="ca.mjdsystems.jmatio.test.MatIOTest" time="0.403"/>
  <testcase name="testMLCharArray" classname="ca.mjdsystems.jmatio.test.MatIOTest" time="0.03"/>
  <testcase name="testMLSparse" classname="ca.mjdsystems.jmatio.test.MatIOTest" time="0.004"/>
  <testcase name="testInt64" classname="ca.mjdsystems.jmatio.test.MatIOTest" time="0.006"/>
  <testcase name="testUInt8" classname="ca.mjdsystems.jmatio.test.MatIOTest" time="0.005"/>
  <testcase name="testInt8" classname="ca.mjdsystems.jmatio.test.MatIOTest" time="0.005"/>
  <testcase name="testFilteredReading" classname="ca.mjdsystems.jmatio.test.MatIOTest" time="0.003"/>
  <testcase name="testMLStructureFieldNames" classname="ca.mjdsystems.jmatio.test.MatIOTest" time="0.002"/>
  <testcase name="testIncrementalWrite" classname="ca.mjdsystems.jmatio.test.MatIOTest" time="0.005"/>
  <testcase name="testWritingMethods" classname="ca.mjdsystems.jmatio.test.MatIOTest" time="0.028"/>
  <testcase name="testReadingNaN" classname="ca.mjdsystems.jmatio.test.MatIOTest" time="0.004"/>
  <testcase name="testMLCharStringArray" classname="ca.mjdsystems.jmatio.test.MatIOTest" time="0.001"/>
  <testcase name="testStructureFromMatlabCreatedFile" classname="ca.mjdsystems.jmatio.test.MatIOTest" time="0.005"/>
  <testcase name="testWritingManyArraysInFile" classname="ca.mjdsystems.jmatio.test.MatIOTest" time="0.004"/>
  <testcase name="testMLUInt8Array" classname="ca.mjdsystems.jmatio.test.MatIOTest" time="0.004"/>
  <testcase name="testMatFileFilter" classname="ca.mjdsystems.jmatio.test.MatIOTest" time="0.002"/>
  <testcase name="testBenchmarkUInt8" classname="ca.mjdsystems.jmatio.test.MatIOTest" time="0.042"/>
  <testcase name="testCellFromMatlabCreatedFile" classname="ca.mjdsystems.jmatio.test.MatIOTest" time="0.043"/>
  <testcase name="testMultipleEmptyNames" classname="ca.mjdsystems.jmatio.test.MatIOTest" time="0.009"/>
  <testcase name="testMLStructure" classname="ca.mjdsystems.jmatio.test.MatIOTest" time="0.005"/>
  <testcase name="testMLDoubleArray" classname="ca.mjdsystems.jmatio.test.MatIOTest" time="0.003"/>
  <testcase name="testSparseFromMatlabCreatedFile" classname="ca.mjdsystems.jmatio.test.MatIOTest" time="0.006"/>
  <testcase name="testMLCell" classname="ca.mjdsystems.jmatio.test.MatIOTest" time="0.004"/>
  <testcase name="testSingle" classname="ca.mjdsystems.jmatio.test.MatIOTest" time="0.006"/>
  <testcase name="testUInt64" classname="ca.mjdsystems.jmatio.test.MatIOTest" time="0.011"/>
  <testcase name="testDoubleFromMatlabCreatedFile2" classname="ca.mjdsystems.jmatio.test.MatIOTest" time="0.002"/>
  <testcase name="testDoubleFromMatlabCreatedFile" classname="ca.mjdsystems.jmatio.test.MatIOTest" time="0.003"/>
</testsuite>